Release 9.1i - xst J.30
Copyright (c) 1995-2007 Xilinx, Inc.  All rights reserved.
--> Parameter TMPDIR set to ./xst/projnav.tmp
CPU : 0.00 / 0.56 s | Elapsed : 0.00 / 1.00 s
 
--> Parameter xsthdpdir set to ./xst
CPU : 0.00 / 0.56 s | Elapsed : 0.00 / 1.00 s
 
--> Reading design: ROM_S.prj

TABLE OF CONTENTS
  1) Synthesis Options Summary
  2) HDL Compilation
  3) Design Hierarchy Analysis
  4) HDL Analysis
  5) HDL Synthesis
     5.1) HDL Synthesis Report
  6) Advanced HDL Synthesis
     6.1) Advanced HDL Synthesis Report
  7) Low Level Synthesis
  8) Partition Report
  9) Final Report
     9.1) Device utilization summary
     9.2) Partition Resource Summary
     9.3) TIMING REPORT


=========================================================================
*                      Synthesis Options Summary                        *
=========================================================================
---- Source Parameters
Input File Name                    : "ROM_S.prj"
Input Format                       : mixed
Ignore Synthesis Constraint File   : NO

---- Target Parameters
Output File Name                   : "ROM_S"
Output Format                      : NGC
Target Device                      : xc3s50-4-pq208

---- Source Options
Top Module Name                    : ROM_S
Automatic FSM Extraction           : YES
FSM Encoding Algorithm             : Auto
Safe Implementation                : No
FSM Style                          : lut
RAM Extraction                     : Yes
RAM Style                          : Auto
ROM Extraction                     : Yes
Mux Style                          : Auto
Decoder Extraction                 : YES
Priority Encoder Extraction        : YES
Shift Register Extraction          : YES
Logical Shifter Extraction         : YES
XOR Collapsing                     : YES
ROM Style                          : Auto
Mux Extraction                     : YES
Resource Sharing                   : YES
Asynchronous To Synchronous        : NO
Multiplier Style                   : auto
Automatic Register Balancing       : No

---- Target Options
Add IO Buffers                     : YES
Global Maximum Fanout              : 500
Add Generic Clock Buffer(BUFG)     : 8
Register Duplication               : YES
Slice Packing                      : YES
Optimize Instantiated Primitives   : NO
Use Clock Enable                   : Yes
Use Synchronous Set                : Yes
Use Synchronous Reset              : Yes
Pack IO Registers into IOBs        : auto
Equivalent register Removal        : YES

---- General Options
Optimization Goal                  : Speed
Optimization Effort                : 1
Library Search Order               : ROM_S.lso
Keep Hierarchy                     : NO
RTL Output                         : Yes
Global Optimization                : AllClockNets
Read Cores                         : YES
Write Timing Constraints           : NO
Cross Clock Analysis               : NO
Hierarchy Separator                : /
Bus Delimiter                      : <>
Case Specifier                     : maintain
Slice Utilization Ratio            : 100
BRAM Utilization Ratio             : 100
Verilog 2001                       : YES
Auto BRAM Packing                  : NO
Slice Utilization Ratio Delta      : 5

=========================================================================


=========================================================================
*                          HDL Compilation                              *
=========================================================================
Compiling vhdl file "F:/cdac padai materials/akul/ROM_S/ROM_S.vhd" in Library work.
Architecture memmatrix of Entity rom_s is up to date.

=========================================================================
*                     Design Hierarchy Analysis                         *
=========================================================================
Analyzing hierarchy for entity <ROM_S> in library <work> (architecture <memmatrix>).


=========================================================================
*                            HDL Analysis                               *
=========================================================================
Analyzing Entity <ROM_S> in library <work> (Architecture <memmatrix>).
Entity <ROM_S> analyzed. Unit <ROM_S> generated.


=========================================================================
*                           HDL Synthesis                               *
=========================================================================

Performing bidirectional port resolution...

Synthesizing Unit <ROM_S>.
    Related source file is "F:/cdac padai materials/akul/ROM_S/ROM_S.vhd".
    Using one-hot encoding for signal <y>.
    Found 16x16-bit ROM for signal <y>.
    Found 8-bit tristate buffer for signal <d>.
    Summary:
	inferred   1 ROM(s).
	inferred   8 Tristate(s).
Unit <ROM_S> synthesized.


=========================================================================
HDL Synthesis Report

Macro Statistics
# ROMs                                                 : 1
 16x16-bit ROM                                         : 1
# Tristates                                            : 1
 8-bit tristate buffer                                 : 1

=========================================================================

=========================================================================
*                       Advanced HDL Synthesis                          *
=========================================================================

Loading device for application Rf_Device from file '3s50.nph' in environment F:\cdac padai materials\Xilinx91i.

=========================================================================
Advanced HDL Synthesis Report

Macro Statistics
# ROMs                                                 : 1
 16x16-bit ROM                                         : 1

=========================================================================

=========================================================================
*                         Low Level Synthesis                           *
=========================================================================

Optimizing unit <ROM_S> ...

Mapping all equations...
Building and optimizing final netlist ...
Found area constraint ratio of 100 (+ 5) on block ROM_S, actual ratio is 0.

Final Macro Processing ...

=========================================================================
Final Register Report

Found no macro
=========================================================================

=========================================================================
*                          Partition Report                             *
=========================================================================

Partition Implementation Status
-------------------------------

  No Partitions were found in this design.

-------------------------------

=========================================================================
*                            Final Report                               *
=========================================================================
Final Results
RTL Top Level Output File Name     : ROM_S.ngr
Top Level Output File Name         : ROM_S
Output Format                      : NGC
Optimization Goal                  : Speed
Keep Hierarchy                     : NO

Design Statistics
# IOs                              : 12

Cell Usage :
# BELS                             : 8
#      LUT4                        : 8
# IO Buffers                       : 12
#      IBUF                        : 4
#      OBUF                        : 8
=========================================================================

Device utilization summary:
---------------------------

Selected Device : 3s50pq208-4 

 Number of Slices:                       4  out of    768     0%  
 Number of 4 input LUTs:                 8  out of   1536     0%  
 Number of IOs:                         12
 Number of bonded IOBs:                 12  out of    124     9%  

---------------------------
Partition Resource Summary:
---------------------------

  No Partitions were found in this design.

---------------------------


=========================================================================
TIMING REPORT

NOTE: THESE TIMING NUMBERS ARE ONLY A SYNTHESIS ESTIMATE.
      FOR ACCURATE TIMING INFORMATION PLEASE REFER TO THE TRACE REPORT
      GENERATED AFTER PLACE-and-ROUTE.

Clock Information:
------------------
No clock signals found in this design

Asynchronous Control Signals Information:
----------------------------------------
No asynchronous control signals found in this design

Timing Summary:
---------------
Speed Grade: -4

   Minimum period: No path found
   Minimum input arrival time before clock: No path found
   Maximum output required time after clock: No path found
   Maximum combinational path delay: 9.239ns

Timing Detail:
--------------
All values displayed in nanoseconds (ns)

=========================================================================
Timing constraint: Default path analysis
  Total number of paths / destination ports: 32 / 8
-------------------------------------------------------------------------
Delay:               9.239ns (Levels of Logic = 3)
  Source:            a<0> (PAD)
  Destination:       d<7> (PAD)

  Data Path: a<0> to d<7>
                                Gate     Net
    Cell:in->out      fanout   Delay   Delay  Logical Name (Net Name)
    ----------------------------------------  ------------
     IBUF:I->O             8   0.821   1.422  a_0_IBUF (a_0_IBUF)
     LUT4:I0->O            1   0.551   0.801  d_mux0000<5>1 (d_2_OBUF)
     OBUF:I->O                 5.644          d_2_OBUF (d<2>)
    ----------------------------------------
    Total                      9.239ns (7.016ns logic, 2.223ns route)
                                       (75.9% logic, 24.1% route)

=========================================================================
CPU : 12.36 / 12.98 s | Elapsed : 12.00 / 13.00 s
 
--> 

Total memory usage is 172280 kilobytes

Number of errors   :    0 (   0 filtered)
Number of warnings :    0 (   0 filtered)
Number of infos    :    0 (   0 filtered)

